running develop
running egg_info
creating quadruped_ros2.egg-info
writing quadruped_ros2.egg-info/PKG-INFO
writing dependency_links to quadruped_ros2.egg-info/dependency_links.txt
writing entry points to quadruped_ros2.egg-info/entry_points.txt
writing requirements to quadruped_ros2.egg-info/requires.txt
writing top-level names to quadruped_ros2.egg-info/top_level.txt
writing manifest file 'quadruped_ros2.egg-info/SOURCES.txt'
reading manifest file 'quadruped_ros2.egg-info/SOURCES.txt'
writing manifest file 'quadruped_ros2.egg-info/SOURCES.txt'
running build_ext
Creating /home/dolphiinn/Documents/quadruped-robot/quadruped-robot-12DOF-SMC-controller/ros2_ws/install/quadruped_ros2/lib/python3.10/site-packages/quadruped-ros2.egg-link (link to .)

Installed /home/dolphiinn/Documents/quadruped-robot/quadruped-robot-12DOF-SMC-controller/ros2_ws/build/quadruped_ros2
running symlink_data
creating /home/dolphiinn/Documents/quadruped-robot/quadruped-robot-12DOF-SMC-controller/ros2_ws/install/quadruped_ros2/share/ament_index
creating /home/dolphiinn/Documents/quadruped-robot/quadruped-robot-12DOF-SMC-controller/ros2_ws/install/quadruped_ros2/share/ament_index/resource_index
creating /home/dolphiinn/Documents/quadruped-robot/quadruped-robot-12DOF-SMC-controller/ros2_ws/install/quadruped_ros2/share/ament_index/resource_index/packages
symbolically linking /home/dolphiinn/Documents/quadruped-robot/quadruped-robot-12DOF-SMC-controller/ros2_ws/build/quadruped_ros2/resource/quadruped_ros2 -> /home/dolphiinn/Documents/quadruped-robot/quadruped-robot-12DOF-SMC-controller/ros2_ws/install/quadruped_ros2/share/ament_index/resource_index/packages
symbolically linking /home/dolphiinn/Documents/quadruped-robot/quadruped-robot-12DOF-SMC-controller/ros2_ws/build/quadruped_ros2/package.xml -> /home/dolphiinn/Documents/quadruped-robot/quadruped-robot-12DOF-SMC-controller/ros2_ws/install/quadruped_ros2/share/quadruped_ros2
creating /home/dolphiinn/Documents/quadruped-robot/quadruped-robot-12DOF-SMC-controller/ros2_ws/install/quadruped_ros2/share/quadruped_ros2/launch
symbolically linking /home/dolphiinn/Documents/quadruped-robot/quadruped-robot-12DOF-SMC-controller/ros2_ws/build/quadruped_ros2/launch/quadruped_webots.launch.py -> /home/dolphiinn/Documents/quadruped-robot/quadruped-robot-12DOF-SMC-controller/ros2_ws/install/quadruped_ros2/share/quadruped_ros2/launch
creating /home/dolphiinn/Documents/quadruped-robot/quadruped-robot-12DOF-SMC-controller/ros2_ws/install/quadruped_ros2/share/quadruped_ros2/config
symbolically linking /home/dolphiinn/Documents/quadruped-robot/quadruped-robot-12DOF-SMC-controller/ros2_ws/build/quadruped_ros2/config/ros2_controllers.yaml -> /home/dolphiinn/Documents/quadruped-robot/quadruped-robot-12DOF-SMC-controller/ros2_ws/install/quadruped_ros2/share/quadruped_ros2/config
creating /home/dolphiinn/Documents/quadruped-robot/quadruped-robot-12DOF-SMC-controller/ros2_ws/install/quadruped_ros2/share/quadruped_ros2/worlds
symbolically linking /home/dolphiinn/Documents/quadruped-robot/quadruped-robot-12DOF-SMC-controller/ros2_ws/build/quadruped_ros2/worlds/quad_3dof_L1L2L3_4legs.wbt -> /home/dolphiinn/Documents/quadruped-robot/quadruped-robot-12DOF-SMC-controller/ros2_ws/install/quadruped_ros2/share/quadruped_ros2/worlds
creating /home/dolphiinn/Documents/quadruped-robot/quadruped-robot-12DOF-SMC-controller/ros2_ws/install/quadruped_ros2/share/quadruped_ros2/urdf
symbolically linking /home/dolphiinn/Documents/quadruped-robot/quadruped-robot-12DOF-SMC-controller/ros2_ws/build/quadruped_ros2/urdf/quadruped_webots.urdf -> /home/dolphiinn/Documents/quadruped-robot/quadruped-robot-12DOF-SMC-controller/ros2_ws/install/quadruped_ros2/share/quadruped_ros2/urdf
