[0.101s] DEBUG:colcon:Command line arguments: ['/usr/bin/colcon', 'build', '--symlink-install', '--packages-select', 'quadruped_ros2']
[0.101s] DEBUG:colcon:Parsed command line arguments: Namespace(log_base=None, log_level=None, verb_name='build', build_base='build', install_base='install', merge_install=False, symlink_install=True, test_result_base=None, continue_on_error=False, executor='parallel', parallel_workers=8, event_handlers=None, ignore_user_meta=False, metas=['./colcon.meta'], base_paths=['.'], packages_ignore=None, packages_ignore_regex=None, paths=None, packages_up_to=None, packages_up_to_regex=None, packages_above=None, packages_above_and_dependencies=None, packages_above_depth=None, packages_select_by_dep=None, packages_skip_by_dep=None, packages_skip_up_to=None, packages_select_build_failed=False, packages_skip_build_finished=False, packages_select_test_failures=False, packages_skip_test_passed=False, packages_select=['quadruped_ros2'], packages_skip=None, packages_select_regex=None, packages_skip_regex=None, packages_start=None, packages_end=None, allow_overriding=[], cmake_args=None, cmake_target=None, cmake_target_skip_unavailable=False, cmake_clean_cache=False, cmake_clean_first=False, cmake_force_configure=False, ament_cmake_args=None, catkin_cmake_args=None, catkin_skip_building_tests=False, mixin_files=None, mixin=None, verb_parser=<colcon_mixin.mixin.mixin_argument.MixinArgumentDecorator object at 0x736ffbd62380>, verb_extension=<colcon_core.verb.build.BuildVerb object at 0x736ffbe5f3a0>, main=<bound method BuildVerb.main of <colcon_core.verb.build.BuildVerb object at 0x736ffbe5f3a0>>, mixin_verb=('build',))
[0.225s] Level 1:colcon.colcon_core.package_discovery:discover_packages(colcon_meta) check parameters
[0.226s] Level 1:colcon.colcon_core.package_discovery:discover_packages(recursive) check parameters
[0.226s] Level 1:colcon.colcon_core.package_discovery:discover_packages(ignore) check parameters
[0.226s] Level 1:colcon.colcon_core.package_discovery:discover_packages(path) check parameters
[0.226s] Level 1:colcon.colcon_core.package_discovery:discover_packages(colcon_meta) discover
[0.226s] Level 1:colcon.colcon_core.package_discovery:discover_packages(recursive) discover
[0.226s] INFO:colcon.colcon_core.package_discovery:Crawling recursively for packages in '/home/dolphiinn/Documents/quadruped-robot/quadruped-robot-12DOF-SMC-controller/ros2_ws'
[0.226s] Level 1:colcon.colcon_core.package_identification:_identify(.) by extensions ['ignore', 'ignore_ament_install']
[0.226s] Level 1:colcon.colcon_core.package_identification:_identify(.) by extension 'ignore'
[0.226s] Level 1:colcon.colcon_core.package_identification:_identify(.) by extension 'ignore_ament_install'
[0.226s] Level 1:colcon.colcon_core.package_identification:_identify(.) by extensions ['colcon_pkg']
[0.226s] Level 1:colcon.colcon_core.package_identification:_identify(.) by extension 'colcon_pkg'
[0.226s] Level 1:colcon.colcon_core.package_identification:_identify(.) by extensions ['colcon_meta']
[0.226s] Level 1:colcon.colcon_core.package_identification:_identify(.) by extension 'colcon_meta'
[0.226s] Level 1:colcon.colcon_core.package_identification:_identify(.) by extensions ['ros']
[0.226s] Level 1:colcon.colcon_core.package_identification:_identify(.) by extension 'ros'
[0.235s] Level 1:colcon.colcon_core.package_identification:_identify(.) by extensions ['cmake', 'python']
[0.235s] Level 1:colcon.colcon_core.package_identification:_identify(.) by extension 'cmake'
[0.235s] Level 1:colcon.colcon_core.package_identification:_identify(.) by extension 'python'
[0.235s] Level 1:colcon.colcon_core.package_identification:_identify(.) by extensions ['python_setup_py']
[0.235s] Level 1:colcon.colcon_core.package_identification:_identify(.) by extension 'python_setup_py'
[0.235s] Level 1:colcon.colcon_core.package_identification:_identify(build) by extensions ['ignore', 'ignore_ament_install']
[0.235s] Level 1:colcon.colcon_core.package_identification:_identify(build) by extension 'ignore'
[0.235s] Level 1:colcon.colcon_core.package_identification:_identify(build) ignored
[0.235s] Level 1:colcon.colcon_core.package_identification:_identify(install) by extensions ['ignore', 'ignore_ament_install']
[0.235s] Level 1:colcon.colcon_core.package_identification:_identify(install) by extension 'ignore'
[0.235s] Level 1:colcon.colcon_core.package_identification:_identify(install) ignored
[0.235s] Level 1:colcon.colcon_core.package_identification:_identify(log) by extensions ['ignore', 'ignore_ament_install']
[0.236s] Level 1:colcon.colcon_core.package_identification:_identify(log) by extension 'ignore'
[0.236s] Level 1:colcon.colcon_core.package_identification:_identify(log) ignored
[0.236s] Level 1:colcon.colcon_core.package_identification:_identify(src) by extensions ['ignore', 'ignore_ament_install']
[0.236s] Level 1:colcon.colcon_core.package_identification:_identify(src) by extension 'ignore'
[0.236s] Level 1:colcon.colcon_core.package_identification:_identify(src) by extension 'ignore_ament_install'
[0.236s] Level 1:colcon.colcon_core.package_identification:_identify(src) by extensions ['colcon_pkg']
[0.236s] Level 1:colcon.colcon_core.package_identification:_identify(src) by extension 'colcon_pkg'
[0.236s] Level 1:colcon.colcon_core.package_identification:_identify(src) by extensions ['colcon_meta']
[0.236s] Level 1:colcon.colcon_core.package_identification:_identify(src) by extension 'colcon_meta'
[0.236s] Level 1:colcon.colcon_core.package_identification:_identify(src) by extensions ['ros']
[0.236s] Level 1:colcon.colcon_core.package_identification:_identify(src) by extension 'ros'
[0.236s] Level 1:colcon.colcon_core.package_identification:_identify(src) by extensions ['cmake', 'python']
[0.236s] Level 1:colcon.colcon_core.package_identification:_identify(src) by extension 'cmake'
[0.236s] Level 1:colcon.colcon_core.package_identification:_identify(src) by extension 'python'
[0.236s] Level 1:colcon.colcon_core.package_identification:_identify(src) by extensions ['python_setup_py']
[0.236s] Level 1:colcon.colcon_core.package_identification:_identify(src) by extension 'python_setup_py'
[0.236s] Level 1:colcon.colcon_core.package_identification:_identify(src/quadruped_ros2) by extensions ['ignore', 'ignore_ament_install']
[0.236s] Level 1:colcon.colcon_core.package_identification:_identify(src/quadruped_ros2) by extension 'ignore'
[0.236s] Level 1:colcon.colcon_core.package_identification:_identify(src/quadruped_ros2) by extension 'ignore_ament_install'
[0.236s] Level 1:colcon.colcon_core.package_identification:_identify(src/quadruped_ros2) by extensions ['colcon_pkg']
[0.236s] Level 1:colcon.colcon_core.package_identification:_identify(src/quadruped_ros2) by extension 'colcon_pkg'
[0.236s] Level 1:colcon.colcon_core.package_identification:_identify(src/quadruped_ros2) by extensions ['colcon_meta']
[0.236s] Level 1:colcon.colcon_core.package_identification:_identify(src/quadruped_ros2) by extension 'colcon_meta'
[0.236s] Level 1:colcon.colcon_core.package_identification:_identify(src/quadruped_ros2) by extensions ['ros']
[0.236s] Level 1:colcon.colcon_core.package_identification:_identify(src/quadruped_ros2) by extension 'ros'
[0.238s] DEBUG:colcon.colcon_core.package_identification:Package 'src/quadruped_ros2' with type 'ros.ament_python' and name 'quadruped_ros2'
[0.238s] Level 1:colcon.colcon_core.package_discovery:discover_packages(recursive) using defaults
[0.238s] Level 1:colcon.colcon_core.package_discovery:discover_packages(ignore) discover
[0.238s] Level 1:colcon.colcon_core.package_discovery:discover_packages(ignore) using defaults
[0.238s] Level 1:colcon.colcon_core.package_discovery:discover_packages(path) discover
[0.239s] Level 1:colcon.colcon_core.package_discovery:discover_packages(path) using defaults
[0.265s] Level 1:colcon.colcon_core.package_discovery:discover_packages(prefix_path) check parameters
[0.265s] Level 1:colcon.colcon_core.package_discovery:discover_packages(prefix_path) discover
[0.265s] WARNING:colcon.colcon_ros.prefix_path.ament:The path '/home/dolphiinn/Documents/quadruped-robot/quadruped-robot-12DOF-SMC-controller/ros2_ws/install/quadruped_ros2' in the environment variable AMENT_PREFIX_PATH doesn't exist
[0.266s] DEBUG:colcon.colcon_installed_package_information.package_discovery:Found 0 installed packages in /home/dolphiinn/Documents/quadruped-robot/quadruped-robot-12DOF-SMC-controller/ros2_ws/install
[0.267s] DEBUG:colcon.colcon_installed_package_information.package_discovery:Found 321 installed packages in /opt/ros/humble
[0.268s] Level 1:colcon.colcon_core.package_discovery:discover_packages(prefix_path) using defaults
[0.300s] Level 5:colcon.colcon_core.verb:set package 'quadruped_ros2' build argument 'cmake_args' from command line to 'None'
[0.300s] Level 5:colcon.colcon_core.verb:set package 'quadruped_ros2' build argument 'cmake_target' from command line to 'None'
[0.300s] Level 5:colcon.colcon_core.verb:set package 'quadruped_ros2' build argument 'cmake_target_skip_unavailable' from command line to 'False'
[0.300s] Level 5:colcon.colcon_core.verb:set package 'quadruped_ros2' build argument 'cmake_clean_cache' from command line to 'False'
[0.300s] Level 5:colcon.colcon_core.verb:set package 'quadruped_ros2' build argument 'cmake_clean_first' from command line to 'False'
[0.300s] Level 5:colcon.colcon_core.verb:set package 'quadruped_ros2' build argument 'cmake_force_configure' from command line to 'False'
[0.300s] Level 5:colcon.colcon_core.verb:set package 'quadruped_ros2' build argument 'ament_cmake_args' from command line to 'None'
[0.300s] Level 5:colcon.colcon_core.verb:set package 'quadruped_ros2' build argument 'catkin_cmake_args' from command line to 'None'
[0.300s] Level 5:colcon.colcon_core.verb:set package 'quadruped_ros2' build argument 'catkin_skip_building_tests' from command line to 'False'
[0.300s] DEBUG:colcon.colcon_core.verb:Building package 'quadruped_ros2' with the following arguments: {'ament_cmake_args': None, 'build_base': '/home/dolphiinn/Documents/quadruped-robot/quadruped-robot-12DOF-SMC-controller/ros2_ws/build/quadruped_ros2', 'catkin_cmake_args': None, 'catkin_skip_building_tests': False, 'cmake_args': None, 'cmake_clean_cache': False, 'cmake_clean_first': False, 'cmake_force_configure': False, 'cmake_target': None, 'cmake_target_skip_unavailable': False, 'install_base': '/home/dolphiinn/Documents/quadruped-robot/quadruped-robot-12DOF-SMC-controller/ros2_ws/install/quadruped_ros2', 'merge_install': False, 'path': '/home/dolphiinn/Documents/quadruped-robot/quadruped-robot-12DOF-SMC-controller/ros2_ws/src/quadruped_ros2', 'symlink_install': True, 'test_result_base': None}
[0.300s] INFO:colcon.colcon_core.executor:Executing jobs using 'parallel' executor
[0.301s] DEBUG:colcon.colcon_parallel_executor.executor.parallel:run_until_complete
[0.301s] INFO:colcon.colcon_ros.task.ament_python.build:Building ROS package in '/home/dolphiinn/Documents/quadruped-robot/quadruped-robot-12DOF-SMC-controller/ros2_ws/src/quadruped_ros2' with build type 'ament_python'
[0.301s] Level 1:colcon.colcon_core.shell:create_environment_hook('quadruped_ros2', 'ament_prefix_path')
[0.302s] INFO:colcon.colcon_core.plugin_system:Skipping extension 'colcon_core.shell.bat': Not used on non-Windows systems
[0.303s] INFO:colcon.colcon_core.shell:Creating environment hook '/home/dolphiinn/Documents/quadruped-robot/quadruped-robot-12DOF-SMC-controller/ros2_ws/install/quadruped_ros2/share/quadruped_ros2/hook/ament_prefix_path.ps1'
[0.303s] INFO:colcon.colcon_core.shell:Creating environment descriptor '/home/dolphiinn/Documents/quadruped-robot/quadruped-robot-12DOF-SMC-controller/ros2_ws/install/quadruped_ros2/share/quadruped_ros2/hook/ament_prefix_path.dsv'
[0.303s] INFO:colcon.colcon_core.shell:Creating environment hook '/home/dolphiinn/Documents/quadruped-robot/quadruped-robot-12DOF-SMC-controller/ros2_ws/install/quadruped_ros2/share/quadruped_ros2/hook/ament_prefix_path.sh'
[0.304s] INFO:colcon.colcon_core.shell:Skip shell extension 'powershell' for command environment: Not usable outside of PowerShell
[0.304s] DEBUG:colcon.colcon_core.shell:Skip shell extension 'dsv' for command environment
[0.489s] INFO:colcon.colcon_core.task.python.build:Building Python package in '/home/dolphiinn/Documents/quadruped-robot/quadruped-robot-12DOF-SMC-controller/ros2_ws/src/quadruped_ros2'
[0.490s] INFO:colcon.colcon_core.shell:Skip shell extension 'powershell' for command environment: Not usable outside of PowerShell
[0.490s] DEBUG:colcon.colcon_core.shell:Skip shell extension 'dsv' for command environment
[0.775s] DEBUG:colcon.colcon_core.event_handler.log_command:Invoking command in '/home/dolphiinn/Documents/quadruped-robot/quadruped-robot-12DOF-SMC-controller/ros2_ws/build/quadruped_ros2': PYTHONPATH=/home/dolphiinn/Documents/quadruped-robot/quadruped-robot-12DOF-SMC-controller/ros2_ws/build/quadruped_ros2/prefix_override:/usr/lib/python3/dist-packages/colcon_core/task/python/colcon_distutils_commands:/home/dolphiinn/Documents/quadruped-robot/quadruped-robot-12DOF-SMC-controller/ros2_ws/install/quadruped_ros2/lib/python3.10/site-packages:${PYTHONPATH} /usr/bin/python3 -W ignore:setup.py install is deprecated -W ignore:easy_install command is deprecated setup.py develop --editable --build-directory /home/dolphiinn/Documents/quadruped-robot/quadruped-robot-12DOF-SMC-controller/ros2_ws/build/quadruped_ros2/build --no-deps symlink_data
[1.151s] Level 1:colcon.colcon_core.shell:create_environment_hook('quadruped_ros2', 'pythonpath_develop')
[1.151s] INFO:colcon.colcon_core.shell:Creating environment hook '/home/dolphiinn/Documents/quadruped-robot/quadruped-robot-12DOF-SMC-controller/ros2_ws/build/quadruped_ros2/share/quadruped_ros2/hook/pythonpath_develop.ps1'
[1.152s] DEBUG:colcon.colcon_core.event_handler.log_command:Invoked command in '/home/dolphiinn/Documents/quadruped-robot/quadruped-robot-12DOF-SMC-controller/ros2_ws/build/quadruped_ros2' returned '0': PYTHONPATH=/home/dolphiinn/Documents/quadruped-robot/quadruped-robot-12DOF-SMC-controller/ros2_ws/build/quadruped_ros2/prefix_override:/usr/lib/python3/dist-packages/colcon_core/task/python/colcon_distutils_commands:/home/dolphiinn/Documents/quadruped-robot/quadruped-robot-12DOF-SMC-controller/ros2_ws/install/quadruped_ros2/lib/python3.10/site-packages:${PYTHONPATH} /usr/bin/python3 -W ignore:setup.py install is deprecated -W ignore:easy_install command is deprecated setup.py develop --editable --build-directory /home/dolphiinn/Documents/quadruped-robot/quadruped-robot-12DOF-SMC-controller/ros2_ws/build/quadruped_ros2/build --no-deps symlink_data
[1.152s] INFO:colcon.colcon_core.shell:Creating environment descriptor '/home/dolphiinn/Documents/quadruped-robot/quadruped-robot-12DOF-SMC-controller/ros2_ws/build/quadruped_ros2/share/quadruped_ros2/hook/pythonpath_develop.dsv'
[1.152s] INFO:colcon.colcon_core.shell:Creating environment hook '/home/dolphiinn/Documents/quadruped-robot/quadruped-robot-12DOF-SMC-controller/ros2_ws/build/quadruped_ros2/share/quadruped_ros2/hook/pythonpath_develop.sh'
[1.154s] Level 1:colcon.colcon_core.environment:checking '/home/dolphiinn/Documents/quadruped-robot/quadruped-robot-12DOF-SMC-controller/ros2_ws/install/quadruped_ros2' for CMake module files
[1.155s] Level 1:colcon.colcon_core.environment:checking '/home/dolphiinn/Documents/quadruped-robot/quadruped-robot-12DOF-SMC-controller/ros2_ws/install/quadruped_ros2' for CMake config files
[1.155s] Level 1:colcon.colcon_core.environment:checking '/home/dolphiinn/Documents/quadruped-robot/quadruped-robot-12DOF-SMC-controller/ros2_ws/install/quadruped_ros2/lib'
[1.155s] Level 1:colcon.colcon_core.environment:checking '/home/dolphiinn/Documents/quadruped-robot/quadruped-robot-12DOF-SMC-controller/ros2_ws/install/quadruped_ros2/bin'
[1.155s] Level 1:colcon.colcon_core.environment:checking '/home/dolphiinn/Documents/quadruped-robot/quadruped-robot-12DOF-SMC-controller/ros2_ws/install/quadruped_ros2/lib/pkgconfig/quadruped_ros2.pc'
[1.155s] Level 1:colcon.colcon_core.environment:checking '/home/dolphiinn/Documents/quadruped-robot/quadruped-robot-12DOF-SMC-controller/ros2_ws/install/quadruped_ros2/lib/python3.10/site-packages'
[1.156s] Level 1:colcon.colcon_core.shell:create_environment_hook('quadruped_ros2', 'pythonpath')
[1.156s] INFO:colcon.colcon_core.shell:Creating environment hook '/home/dolphiinn/Documents/quadruped-robot/quadruped-robot-12DOF-SMC-controller/ros2_ws/install/quadruped_ros2/share/quadruped_ros2/hook/pythonpath.ps1'
[1.156s] INFO:colcon.colcon_core.shell:Creating environment descriptor '/home/dolphiinn/Documents/quadruped-robot/quadruped-robot-12DOF-SMC-controller/ros2_ws/install/quadruped_ros2/share/quadruped_ros2/hook/pythonpath.dsv'
[1.156s] INFO:colcon.colcon_core.shell:Creating environment hook '/home/dolphiinn/Documents/quadruped-robot/quadruped-robot-12DOF-SMC-controller/ros2_ws/install/quadruped_ros2/share/quadruped_ros2/hook/pythonpath.sh'
[1.157s] Level 1:colcon.colcon_core.environment:checking '/home/dolphiinn/Documents/quadruped-robot/quadruped-robot-12DOF-SMC-controller/ros2_ws/install/quadruped_ros2/bin'
[1.157s] Level 1:colcon.colcon_core.environment:create_environment_scripts_only(quadruped_ros2)
[1.157s] INFO:colcon.colcon_core.shell:Creating package script '/home/dolphiinn/Documents/quadruped-robot/quadruped-robot-12DOF-SMC-controller/ros2_ws/install/quadruped_ros2/share/quadruped_ros2/package.ps1'
[1.158s] INFO:colcon.colcon_core.shell:Creating package descriptor '/home/dolphiinn/Documents/quadruped-robot/quadruped-robot-12DOF-SMC-controller/ros2_ws/install/quadruped_ros2/share/quadruped_ros2/package.dsv'
[1.159s] INFO:colcon.colcon_core.shell:Creating package script '/home/dolphiinn/Documents/quadruped-robot/quadruped-robot-12DOF-SMC-controller/ros2_ws/install/quadruped_ros2/share/quadruped_ros2/package.sh'
[1.159s] INFO:colcon.colcon_core.shell:Creating package script '/home/dolphiinn/Documents/quadruped-robot/quadruped-robot-12DOF-SMC-controller/ros2_ws/install/quadruped_ros2/share/quadruped_ros2/package.bash'
[1.160s] INFO:colcon.colcon_core.shell:Creating package script '/home/dolphiinn/Documents/quadruped-robot/quadruped-robot-12DOF-SMC-controller/ros2_ws/install/quadruped_ros2/share/quadruped_ros2/package.zsh'
[1.161s] Level 1:colcon.colcon_core.environment:create_file_with_runtime_dependencies(/home/dolphiinn/Documents/quadruped-robot/quadruped-robot-12DOF-SMC-controller/ros2_ws/install/quadruped_ros2/share/colcon-core/packages/quadruped_ros2)
[1.161s] DEBUG:colcon.colcon_parallel_executor.executor.parallel:closing loop
[1.162s] DEBUG:colcon.colcon_parallel_executor.executor.parallel:loop closed
[1.162s] DEBUG:colcon.colcon_parallel_executor.executor.parallel:run_until_complete finished with '0'
[1.162s] DEBUG:colcon.colcon_core.event_reactor:joining thread
[1.167s] INFO:colcon.colcon_core.plugin_system:Skipping extension 'colcon_notification.desktop_notification.terminal_notifier': Not used on non-Darwin systems
[1.167s] INFO:colcon.colcon_core.plugin_system:Skipping extension 'colcon_notification.desktop_notification.win32': Not used on non-Windows systems
[1.167s] INFO:colcon.colcon_notification.desktop_notification:Sending desktop notification using 'notify2'
[1.180s] DEBUG:colcon.colcon_core.event_reactor:joined thread
[1.180s] INFO:colcon.colcon_core.shell:Creating prefix script '/home/dolphiinn/Documents/quadruped-robot/quadruped-robot-12DOF-SMC-controller/ros2_ws/install/local_setup.ps1'
[1.181s] INFO:colcon.colcon_core.shell:Creating prefix util module '/home/dolphiinn/Documents/quadruped-robot/quadruped-robot-12DOF-SMC-controller/ros2_ws/install/_local_setup_util_ps1.py'
[1.182s] INFO:colcon.colcon_core.shell:Creating prefix chain script '/home/dolphiinn/Documents/quadruped-robot/quadruped-robot-12DOF-SMC-controller/ros2_ws/install/setup.ps1'
[1.183s] INFO:colcon.colcon_core.shell:Creating prefix script '/home/dolphiinn/Documents/quadruped-robot/quadruped-robot-12DOF-SMC-controller/ros2_ws/install/local_setup.sh'
[1.184s] INFO:colcon.colcon_core.shell:Creating prefix util module '/home/dolphiinn/Documents/quadruped-robot/quadruped-robot-12DOF-SMC-controller/ros2_ws/install/_local_setup_util_sh.py'
[1.184s] INFO:colcon.colcon_core.shell:Creating prefix chain script '/home/dolphiinn/Documents/quadruped-robot/quadruped-robot-12DOF-SMC-controller/ros2_ws/install/setup.sh'
[1.185s] INFO:colcon.colcon_core.shell:Creating prefix script '/home/dolphiinn/Documents/quadruped-robot/quadruped-robot-12DOF-SMC-controller/ros2_ws/install/local_setup.bash'
[1.186s] INFO:colcon.colcon_core.shell:Creating prefix chain script '/home/dolphiinn/Documents/quadruped-robot/quadruped-robot-12DOF-SMC-controller/ros2_ws/install/setup.bash'
[1.187s] INFO:colcon.colcon_core.shell:Creating prefix script '/home/dolphiinn/Documents/quadruped-robot/quadruped-robot-12DOF-SMC-controller/ros2_ws/install/local_setup.zsh'
[1.188s] INFO:colcon.colcon_core.shell:Creating prefix chain script '/home/dolphiinn/Documents/quadruped-robot/quadruped-robot-12DOF-SMC-controller/ros2_ws/install/setup.zsh'
