[0.467s] Invoking command in '/home/dolphiinn/Documents/quadruped-robot/quadruped-robot-12DOF-SMC-controller/ros2_ws/build/quadruped_ros2': PYTHONPATH=/home/dolphiinn/Documents/quadruped-robot/quadruped-robot-12DOF-SMC-controller/ros2_ws/build/quadruped_ros2/prefix_override:/usr/lib/python3/dist-packages/colcon_core/task/python/colcon_distutils_commands:/home/dolphiinn/Documents/quadruped-robot/quadruped-robot-12DOF-SMC-controller/ros2_ws/install/quadruped_ros2/lib/python3.10/site-packages:${PYTHONPATH} /usr/bin/python3 -W ignore:setup.py install is deprecated -W ignore:easy_install command is deprecated setup.py develop --editable --build-directory /home/dolphiinn/Documents/quadruped-robot/quadruped-robot-12DOF-SMC-controller/ros2_ws/build/quadruped_ros2/build --no-deps symlink_data
[0.660s] running develop
[0.775s] running egg_info
[0.775s] creating quadruped_ros2.egg-info
[0.776s] writing quadruped_ros2.egg-info/PKG-INFO
[0.776s] writing dependency_links to quadruped_ros2.egg-info/dependency_links.txt
[0.776s] writing entry points to quadruped_ros2.egg-info/entry_points.txt
[0.776s] writing requirements to quadruped_ros2.egg-info/requires.txt
[0.776s] writing top-level names to quadruped_ros2.egg-info/top_level.txt
[0.776s] writing manifest file 'quadruped_ros2.egg-info/SOURCES.txt'
[0.777s] reading manifest file 'quadruped_ros2.egg-info/SOURCES.txt'
[0.777s] writing manifest file 'quadruped_ros2.egg-info/SOURCES.txt'
[0.779s] running build_ext
[0.779s] Creating /home/dolphiinn/Documents/quadruped-robot/quadruped-robot-12DOF-SMC-controller/ros2_ws/install/quadruped_ros2/lib/python3.10/site-packages/quadruped-ros2.egg-link (link to .)
[0.779s] 
[0.779s] Installed /home/dolphiinn/Documents/quadruped-robot/quadruped-robot-12DOF-SMC-controller/ros2_ws/build/quadruped_ros2
[0.779s] running symlink_data
[0.779s] creating /home/dolphiinn/Documents/quadruped-robot/quadruped-robot-12DOF-SMC-controller/ros2_ws/install/quadruped_ros2/share/ament_index
[0.780s] creating /home/dolphiinn/Documents/quadruped-robot/quadruped-robot-12DOF-SMC-controller/ros2_ws/install/quadruped_ros2/share/ament_index/resource_index
[0.780s] creating /home/dolphiinn/Documents/quadruped-robot/quadruped-robot-12DOF-SMC-controller/ros2_ws/install/quadruped_ros2/share/ament_index/resource_index/packages
[0.780s] symbolically linking /home/dolphiinn/Documents/quadruped-robot/quadruped-robot-12DOF-SMC-controller/ros2_ws/build/quadruped_ros2/resource/quadruped_ros2 -> /home/dolphiinn/Documents/quadruped-robot/quadruped-robot-12DOF-SMC-controller/ros2_ws/install/quadruped_ros2/share/ament_index/resource_index/packages
[0.780s] symbolically linking /home/dolphiinn/Documents/quadruped-robot/quadruped-robot-12DOF-SMC-controller/ros2_ws/build/quadruped_ros2/package.xml -> /home/dolphiinn/Documents/quadruped-robot/quadruped-robot-12DOF-SMC-controller/ros2_ws/install/quadruped_ros2/share/quadruped_ros2
[0.780s] creating /home/dolphiinn/Documents/quadruped-robot/quadruped-robot-12DOF-SMC-controller/ros2_ws/install/quadruped_ros2/share/quadruped_ros2/launch
[0.780s] symbolically linking /home/dolphiinn/Documents/quadruped-robot/quadruped-robot-12DOF-SMC-controller/ros2_ws/build/quadruped_ros2/launch/quadruped_webots.launch.py -> /home/dolphiinn/Documents/quadruped-robot/quadruped-robot-12DOF-SMC-controller/ros2_ws/install/quadruped_ros2/share/quadruped_ros2/launch
[0.780s] creating /home/dolphiinn/Documents/quadruped-robot/quadruped-robot-12DOF-SMC-controller/ros2_ws/install/quadruped_ros2/share/quadruped_ros2/config
[0.780s] symbolically linking /home/dolphiinn/Documents/quadruped-robot/quadruped-robot-12DOF-SMC-controller/ros2_ws/build/quadruped_ros2/config/ros2_controllers.yaml -> /home/dolphiinn/Documents/quadruped-robot/quadruped-robot-12DOF-SMC-controller/ros2_ws/install/quadruped_ros2/share/quadruped_ros2/config
[0.780s] creating /home/dolphiinn/Documents/quadruped-robot/quadruped-robot-12DOF-SMC-controller/ros2_ws/install/quadruped_ros2/share/quadruped_ros2/worlds
[0.780s] symbolically linking /home/dolphiinn/Documents/quadruped-robot/quadruped-robot-12DOF-SMC-controller/ros2_ws/build/quadruped_ros2/worlds/quad_3dof_L1L2L3_4legs.wbt -> /home/dolphiinn/Documents/quadruped-robot/quadruped-robot-12DOF-SMC-controller/ros2_ws/install/quadruped_ros2/share/quadruped_ros2/worlds
[0.780s] creating /home/dolphiinn/Documents/quadruped-robot/quadruped-robot-12DOF-SMC-controller/ros2_ws/install/quadruped_ros2/share/quadruped_ros2/urdf
[0.780s] symbolically linking /home/dolphiinn/Documents/quadruped-robot/quadruped-robot-12DOF-SMC-controller/ros2_ws/build/quadruped_ros2/urdf/quadruped_webots.urdf -> /home/dolphiinn/Documents/quadruped-robot/quadruped-robot-12DOF-SMC-controller/ros2_ws/install/quadruped_ros2/share/quadruped_ros2/urdf
[0.802s] Invoked command in '/home/dolphiinn/Documents/quadruped-robot/quadruped-robot-12DOF-SMC-controller/ros2_ws/build/quadruped_ros2' returned '0': PYTHONPATH=/home/dolphiinn/Documents/quadruped-robot/quadruped-robot-12DOF-SMC-controller/ros2_ws/build/quadruped_ros2/prefix_override:/usr/lib/python3/dist-packages/colcon_core/task/python/colcon_distutils_commands:/home/dolphiinn/Documents/quadruped-robot/quadruped-robot-12DOF-SMC-controller/ros2_ws/install/quadruped_ros2/lib/python3.10/site-packages:${PYTHONPATH} /usr/bin/python3 -W ignore:setup.py install is deprecated -W ignore:easy_install command is deprecated setup.py develop --editable --build-directory /home/dolphiinn/Documents/quadruped-robot/quadruped-robot-12DOF-SMC-controller/ros2_ws/build/quadruped_ros2/build --no-deps symlink_data
